[2016-12-14 23:57:16] slim-app.INFO: GET '/users' [] {"uid":"7bf47f6"}
[2016-12-14 23:57:30] slim-app.INFO: GET '/users' [] {"uid":"25abf30"}
[2016-12-18 13:27:14] slim-app.INFO: GET '/users/1' [] {"uid":"9f8cf79"}
[2016-12-18 13:28:30] slim-app.INFO: GET '/users/1' [] {"uid":"58498e8"}
[2016-12-18 13:30:35] slim-app.INFO: GET '/users/1' [] {"uid":"48c7da9"}
[2016-12-18 13:37:21] MiW16.INFO: GET '/users' [] []
[2016-12-18 13:51:32] MiW16.INFO: GET '/users/1' [] []
[2016-12-18 14:11:37] MiW16.INFO: DELETE '/users/1' [] []
[2016-12-18 14:12:55] MiW16.INFO: DELETE '/users/1' [] []
[2016-12-18 14:13:50] MiW16.INFO: DELETE '/users/1' [] []
[2016-12-18 14:13:58] MiW16.INFO: DELETE '/users/1' [] []
[2016-12-18 17:16:19] MiW16.INFO: DELETE '/users/' [] []
[2016-12-18 17:17:15] MiW16.INFO: OPTIONS '/users' [] []
[2016-12-18 17:21:05] MiW16.INFO: OPTIONS '/users' [] []
[2016-12-19 00:02:27] MiW16.INFO: POST '/users' [] []
[2016-12-19 00:03:53] MiW16.INFO: POST '/users' [] []
[2016-12-19 00:04:11] MiW16.INFO: POST '/users' [] []
[2016-12-19 00:05:13] MiW16.INFO: POST '/users' [] []
[2016-12-19 00:06:54] MiW16.INFO: POST '/users' [] []
[2016-12-19 00:08:58] MiW16.INFO: POST '/users' [] []
[2016-12-19 00:09:46] MiW16.INFO: POST '/users' [] []
[2016-12-19 00:11:03] MiW16.INFO: POST '/users' [] []
[2016-12-19 00:12:21] MiW16.INFO: POST '/users' [] []
[2016-12-19 00:13:16] MiW16.INFO: POST '/users' [] []
[2016-12-19 00:14:49] MiW16.INFO: POST '/users' [] []
[2016-12-19 00:15:37] MiW16.INFO: POST '/users' [] []
[2016-12-19 00:15:41] MiW16.INFO: POST '/users' [] []
[2016-12-19 00:40:33] MiW16.INFO: PUT '/users' [] []
[2016-12-19 00:41:06] MiW16.INFO: PUT '/users' [] []
[2016-12-19 00:41:23] MiW16.INFO: PUT '/users' [] []
[2016-12-19 00:41:47] MiW16.INFO: PUT '/users' [] []
[2016-12-19 00:42:00] MiW16.INFO: PUT '/users' [] []
[2016-12-19 00:45:12] MiW16.INFO: PUT '/users' [] []
[2016-12-19 00:45:21] MiW16.INFO: PUT '/users' [] []
[2016-12-19 00:45:36] MiW16.INFO: PUT '/users' [] []
[2016-12-19 00:45:48] MiW16.INFO: PUT '/users' [] []
[2016-12-24 18:32:38] MiW16.INFO: GET '/results' [] []
[2016-12-24 18:32:55] MiW16.INFO: GET '/users' [] []
[2016-12-24 18:33:01] MiW16.INFO: GET '/results' [] []
[2016-12-24 18:33:53] MiW16.INFO: GET '/results/1' [] []
[2016-12-24 18:35:47] MiW16.INFO: GET '/results' [] []
[2016-12-24 18:35:48] MiW16.INFO: GET '/users' [] []
[2016-12-24 18:35:49] MiW16.INFO: GET '/results' [] []
[2016-12-24 20:50:30] MiW16.INFO: GET '/users' [] []
[2016-12-25 12:52:16] MiW16.INFO: GET '/users' [] []
[2016-12-25 12:52:36] MiW16.INFO: GET '/users/1' [] []
[2016-12-25 12:52:56] MiW16.INFO: GET '/users/5' [] []
[2016-12-25 12:53:06] MiW16.INFO: OPTIONS '/users' [] []
[2016-12-25 12:53:24] MiW16.INFO: POST '/users' [] []
[2016-12-25 12:54:16] MiW16.INFO: POST '/users' [] []
[2016-12-25 13:01:07] MiW16.INFO: POST '/users' [] []
[2016-12-25 13:04:28] MiW16.INFO: POST '/users' [] []
[2016-12-25 13:13:10] MiW16.INFO: POST '/users' [] []
[2016-12-25 13:15:34] MiW16.INFO: POST '/users' [] []
[2016-12-25 13:16:26] MiW16.INFO: POST '/users' [] []
[2016-12-25 13:16:34] MiW16.INFO: POST '/users' [] []
[2016-12-25 13:20:49] MiW16.INFO: PUT '/users' [] []
[2016-12-25 13:22:07] MiW16.INFO: PUT '/users' [] []
[2016-12-25 13:22:13] MiW16.INFO: PUT '/users' [] []
[2016-12-25 13:22:44] MiW16.INFO: DELETE '/users/10' [] []
[2016-12-25 13:22:48] MiW16.INFO: DELETE '/users/9' [] []
[2016-12-25 13:23:25] MiW16.INFO: GET '/results' [] []
[2016-12-25 13:23:56] MiW16.INFO: GET '/results/2' [] []
[2016-12-25 13:23:59] MiW16.INFO: GET '/results/1' [] []
[2016-12-25 13:24:06] MiW16.INFO: OPTIONS '/results' [] []
[2016-12-25 13:24:34] MiW16.INFO: POST '/results' [] []
[2016-12-25 13:25:51] MiW16.INFO: POST '/results' [] []
[2016-12-25 13:26:04] MiW16.INFO: POST '/results' [] []
[2016-12-25 13:26:15] MiW16.INFO: POST '/results' [] []
[2016-12-25 13:27:56] MiW16.INFO: PUT '/results' [] []
[2016-12-25 13:28:05] MiW16.INFO: POST '/results' [] []
[2016-12-25 13:28:18] MiW16.INFO: POST '/results' [] []
[2016-12-25 13:29:51] MiW16.INFO: POST '/results' [] []
[2016-12-25 13:30:04] MiW16.INFO: POST '/results' [] []
[2016-12-25 13:30:10] MiW16.INFO: POST '/results' [] []
[2016-12-25 13:30:16] MiW16.INFO: POST '/results' [] []
[2016-12-25 13:30:22] MiW16.INFO: POST '/results' [] []
[2016-12-25 13:30:38] MiW16.INFO: PUT '/results' [] []
[2016-12-25 13:31:01] MiW16.INFO: PUT '/results' [] []
[2016-12-25 13:31:07] MiW16.INFO: PUT '/results' [] []
[2016-12-25 13:31:19] MiW16.INFO: PUT '/results' [] []
[2016-12-25 13:31:33] MiW16.INFO: PUT '/results' [] []
[2016-12-25 13:31:47] MiW16.INFO: DELETE '/results/4' [] []
[2016-12-25 13:31:53] MiW16.INFO: DELETE '/results/3' [] []
[2016-12-25 17:49:45] MiW16.INFO: GET '/users' [] []
[2016-12-25 18:44:10] MiW16.INFO: GET '/users' [] []
[2016-12-25 18:44:25] MiW16.INFO: GET '/users' [] []
[2016-12-25 18:44:39] MiW16.INFO: GET '/users' [] []
[2016-12-25 18:44:46] MiW16.INFO: GET '/users' [] []
[2016-12-25 18:48:55] MiW16.INFO: GET '/users' [] []
[2016-12-25 18:49:23] MiW16.INFO: GET '/users' [] []
[2016-12-25 18:56:45] MiW16.INFO: GET '/users' [] []
[2016-12-25 18:58:01] MiW16.INFO: GET '/users/1' [] []
[2016-12-25 18:58:05] MiW16.INFO: GET '/users/5' [] []
[2016-12-25 18:58:09] MiW16.INFO: GET '/users/1' [] []
[2016-12-25 18:58:42] MiW16.INFO: GET '/users/1' [] []
[2016-12-25 18:59:02] MiW16.INFO: GET '/users/1' [] []
[2016-12-25 18:59:58] MiW16.INFO: GET '/users/1' [] []
[2016-12-25 19:00:06] MiW16.INFO: GET '/users/1' [] []
[2016-12-25 19:00:06] MiW16.INFO: GET '/users/5' [] []
[2016-12-25 19:00:16] MiW16.INFO: GET '/users/5' [] []
[2016-12-25 19:01:53] MiW16.INFO: GET '/users' [] []
[2016-12-25 19:02:19] MiW16.INFO: GET '/users/5' [] []
[2016-12-25 19:02:25] MiW16.INFO: OPTIONS '/users' [] []
[2016-12-25 19:03:06] MiW16.INFO: GET '/users' [] []
[2016-12-25 19:03:10] MiW16.INFO: GET '/users/1' [] []
[2016-12-25 19:03:56] MiW16.INFO: GET '/users/1' [] []
[2016-12-25 19:04:49] MiW16.INFO: GET '/users/1' [] []
[2016-12-25 19:04:57] MiW16.INFO: GET '/users/1' [] []
[2016-12-25 19:05:00] MiW16.INFO: GET '/users/1' [] []
[2016-12-25 19:05:04] MiW16.INFO: GET '/users/1' [] []
[2016-12-25 19:05:15] MiW16.INFO: GET '/users/1' [] []
[2016-12-25 19:05:49] MiW16.INFO: GET '/users/1' [] []
[2016-12-25 19:06:19] MiW16.INFO: GET '/users/1' [] []
[2016-12-25 19:06:35] MiW16.INFO: GET '/users/1' [] []
[2016-12-25 19:06:38] MiW16.INFO: GET '/users/5' [] []
[2016-12-25 19:06:59] MiW16.INFO: GET '/users/1' [] []
[2016-12-25 19:07:17] MiW16.INFO: GET '/users/5' [] []
[2016-12-26 12:15:54] MiW16.INFO: POST '/users' [] []
[2016-12-26 12:17:24] MiW16.INFO: POST '/users' [] []
[2016-12-26 12:18:46] MiW16.INFO: POST '/users' [] []
[2016-12-26 12:19:28] MiW16.INFO: POST '/users' [] []
[2016-12-26 13:20:34] MiW16.INFO: POST '/users' [] []
[2016-12-26 14:22:04] MiW16.INFO: POST '/users' [] []
[2016-12-26 14:30:55] MiW16.INFO: POST '/users' [] []
[2016-12-26 18:37:02] MiW16.INFO: OPTIONS '/results' [] []
[2016-12-26 18:37:20] MiW16.INFO: GET '/users' [] []
[2016-12-26 18:37:27] MiW16.INFO: OPTIONS '/users' [] []
[2016-12-26 18:37:36] MiW16.INFO: POST '/users' [] []
[2016-12-26 18:38:02] MiW16.INFO: PUT '/users' [] []
[2016-12-26 18:38:14] MiW16.INFO: GET '/users' [] []
[2016-12-26 18:38:22] MiW16.INFO: GET '/users/2' [] []
[2016-12-26 18:38:43] MiW16.INFO: DELETE '/users/2' [] []
[2016-12-26 18:38:53] MiW16.INFO: GET '/users' [] []
[2016-12-26 18:39:02] MiW16.INFO: GET '/users' [] []
